<?xml version="1.0" encoding="UTF-8"?>
<testsuite xmlns:xsi="http://www.w3.org/2001/XMLSchema-instance" xsi:noNamespaceSchemaLocation="https://maven.apache.org/surefire/maven-surefire-plugin/xsd/surefire-test-report-3.0.xsd" version="3.0" name="booking.ReservationDomainTest" time="0.648" tests="5" errors="0" skipped="0" failures="0">
  <properties>
[...]
</properties>
  <testcase name="cancelReservationDoitModifierLeStatut" classname="booking.ReservationDomainTest" time="0.257"/>
  <testcase name="overlapsDoitDetecterUnConflit" classname="booking.ReservationDomainTest" time="0.009"/>
  <testcase name="roomCapaciteNegativeDoitLeverException" classname="booking.ReservationDomainTest" time="0.017"/>
  <testcase name="cancelReservationDeuxFoisDoitLeverException" classname="booking.ReservationDomainTest" time="0.018"/>
  <testcase name="overlapsDoitRetournerFalseSansConflit" classname="booking.ReservationDomainTest" time="0.027"/>
</testsuite>